# JRE version: Java(TM) SE Runtime Environment (8.0_191-b12) (build 1.8.0_191-b12)
# Java VM: Java HotSpot(TM) Client VM (25.191-b12 mixed mode windows-x86 )
Heap:
 def new generation   total 157248K, used 151026K [0x05400000, 0x0fea0000, 0x0fea0000)
  eden space 139776K,  99% used [0x05400000, 0x0dc7ff50, 0x0dc80000)
  from space 17472K,  64% used [0x0dc80000, 0x0e77ca78, 0x0ed90000)
  to   space 17472K,   0% used [0x0ed90000, 0x0ed90000, 0x0fea0000)
 tenured generation   total 349568K, used 349567K [0x0fea0000, 0x25400000, 0x25400000)
   the space 349568K,  99% used [0x0fea0000, 0x253ffff0, 0x25400000, 0x25400000)
 Metaspace       used 22500K, capacity 23049K, committed 23296K, reserved 23936K
GC Heap History (10 events):
Event: 1824.726 GC heap after
Heap after GC invocations=63 (full 32):
 def new generation   total 157248K, used 152684K [0x05400000, 0x0fea0000, 0x0fea0000)
  eden space 139776K,  99% used [0x05400000, 0x0dc7feb0, 0x0dc80000)
  from space 17472K,  73% used [0x0dc80000, 0x0e91b440, 0x0ed90000)
  to   space 17472K,   0% used [0x0ed90000, 0x0ed90000, 0x0fea0000)
 tenured generation   total 349568K, used 349567K [0x0fea0000, 0x25400000, 0x25400000)
   the space 349568K,  99% used [0x0fea0000, 0x253fffd0, 0x25400000, 0x25400000)
 Metaspace       used 22496K, capacity 23049K, committed 23296K, reserved 23936K
}
Event: 1824.975 GC heap before
{Heap before GC invocations=63 (full 32):
 def new generation   total 157248K, used 157247K [0x05400000, 0x0fea0000, 0x0fea0000)
  eden space 139776K, 100% used [0x05400000, 0x0dc80000, 0x0dc80000)
  from space 17472K,  99% used [0x0dc80000, 0x0ed8ffe8, 0x0ed90000)
  to   space 17472K,   0% used [0x0ed90000, 0x0ed90000, 0x0fea0000)
 tenured generation   total 349568K, used 349567K [0x0fea0000, 0x25400000, 0x25400000)
   the space 349568K,  99% used [0x0fea0000, 0x253ffff8, 0x25400000, 0x25400000)
 Metaspace       used 22496K, capacity 23049K, committed 23296K, reserved 23936K
Event: 1826.356 GC heap after
Heap after GC invocations=64 (full 33):
 def new generation   total 157248K, used 152231K [0x05400000, 0x0fea0000, 0x0fea0000)
  eden space 139776K,  99% used [0x05400000, 0x0dc7fec0, 0x0dc80000)
  from space 17472K,  71% used [0x0dc80000, 0x0e8a9da8, 0x0ed90000)
  to   space 17472K,   0% used [0x0ed90000, 0x0ed90000, 0x0fea0000)
 tenured generation   total 349568K, used 349567K [0x0fea0000, 0x25400000, 0x25400000)
   the space 349568K,  99% used [0x0fea0000, 0x253ffff8, 0x25400000, 0x25400000)
 Metaspace       used 22496K, capacity 23049K, committed 23296K, reserved 23936K
}
Event: 1826.795 GC heap before
{Heap before GC invocations=64 (full 33):
 def new generation   total 157248K, used 157057K [0x05400000, 0x0fea0000, 0x0fea0000)
  eden space 139776K, 100% used [0x05400000, 0x0dc80000, 0x0dc80000)
  from space 17472K,  98% used [0x0dc80000, 0x0ed60738, 0x0ed90000)
  to   space 17472K,   0% used [0x0ed90000, 0x0ed90000, 0x0fea0000)
 tenured generation   total 349568K, used 349567K [0x0fea0000, 0x25400000, 0x25400000)
   the space 349568K,  99% used [0x0fea0000, 0x253ffff8, 0x25400000, 0x25400000)
 Metaspace       used 22498K, capacity 23049K, committed 23296K, reserved 23936K
Event: 1828.034 GC heap after
Heap after GC invocations=65 (full 34):
 def new generation   total 157248K, used 151391K [0x05400000, 0x0fea0000, 0x0fea0000)
  eden space 139776K,  99% used [0x05400000, 0x0dc7fed0, 0x0dc80000)
  from space 17472K,  66% used [0x0dc80000, 0x0e7d7dd0, 0x0ed90000)
  to   space 17472K,   0% used [0x0ed90000, 0x0ed90000, 0x0fea0000)
 tenured generation   total 349568K, used 349567K [0x0fea0000, 0x25400000, 0x25400000)
   the space 349568K,  99% used [0x0fea0000, 0x253ffff8, 0x25400000, 0x25400000)
 Metaspace       used 22498K, capacity 23049K, committed 23296K, reserved 23936K
}
Event: 1828.274 GC heap before
{Heap before GC invocations=65 (full 34):
 def new generation   total 157248K, used 155701K [0x05400000, 0x0fea0000, 0x0fea0000)
  eden space 139776K, 100% used [0x05400000, 0x0dc80000, 0x0dc80000)
  from space 17472K,  91% used [0x0dc80000, 0x0ec0d6f0, 0x0ed90000)
  to   space 17472K,   0% used [0x0ed90000, 0x0ed90000, 0x0fea0000)
 tenured generation   total 349568K, used 349567K [0x0fea0000, 0x25400000, 0x25400000)
   the space 349568K,  99% used [0x0fea0000, 0x253ffff8, 0x25400000, 0x25400000)
 Metaspace       used 22498K, capacity 23049K, committed 23296K, reserved 23936K
Event: 1829.548 GC heap after
Heap after GC invocations=66 (full 35):
 def new generation   total 157248K, used 153478K [0x05400000, 0x0fea0000, 0x0fea0000)
  eden space 139776K,  99% used [0x05400000, 0x0dc7ff98, 0x0dc80000)
  from space 17472K,  78% used [0x0dc80000, 0x0e9e1928, 0x0ed90000)
  to   space 17472K,   0% used [0x0ed90000, 0x0ed90000, 0x0fea0000)
 tenured generation   total 349568K, used 349567K [0x0fea0000, 0x25400000, 0x25400000)
   the space 349568K,  99% used [0x0fea0000, 0x253ffff8, 0x25400000, 0x25400000)
 Metaspace       used 22498K, capacity 23049K, committed 23296K, reserved 23936K
}
Event: 1829.548 GC heap before
{Heap before GC invocations=66 (full 35):
 def new generation   total 157248K, used 153478K [0x05400000, 0x0fea0000, 0x0fea0000)
  eden space 139776K,  99% used [0x05400000, 0x0dc7ff98, 0x0dc80000)
  from space 17472K,  78% used [0x0dc80000, 0x0e9e1928, 0x0ed90000)
  to   space 17472K,   0% used [0x0ed90000, 0x0ed90000, 0x0fea0000)
 tenured generation   total 349568K, used 349567K [0x0fea0000, 0x25400000, 0x25400000)
   the space 349568K,  99% used [0x0fea0000, 0x253ffff8, 0x25400000, 0x25400000)
 Metaspace       used 22498K, capacity 23049K, committed 23296K, reserved 23936K
Event: 1831.002 GC heap after
Heap after GC invocations=67 (full 36):
 def new generation   total 157248K, used 151007K [0x05400000, 0x0fea0000, 0x0fea0000)
  eden space 139776K,  99% used [0x05400000, 0x0dc7ffe0, 0x0dc80000)
  from space 17472K,  64% used [0x0dc80000, 0x0e777dd0, 0x0ed90000)
  to   space 17472K,   0% used [0x0ed90000, 0x0ed90000, 0x0fea0000)
 tenured generation   total 349568K, used 349567K [0x0fea0000, 0x25400000, 0x25400000)
   the space 349568K,  99% used [0x0fea0000, 0x253ffff0, 0x25400000, 0x25400000)
 Metaspace       used 22498K, capacity 23049K, committed 23296K, reserved 23936K
}
Event: 1831.021 GC heap before
{Heap before GC invocations=67 (full 36):
 def new generation   total 157248K, used 151171K [0x05400000, 0x0fea0000, 0x0fea0000)
  eden space 139776K, 100% used [0x05400000, 0x0dc80000, 0x0dc80000)
  from space 17472K,  65% used [0x0dc80000, 0x0e7a0ce8, 0x0ed90000)
  to   space 17472K,   0% used [0x0ed90000, 0x0ed90000, 0x0fea0000)
 tenured generation   total 349568K, used 349567K [0x0fea0000, 0x25400000, 0x25400000)
   the space 349568K,  99% used [0x0fea0000, 0x253ffff0, 0x25400000, 0x25400000)
 Metaspace       used 22500K, capacity 23049K, committed 23296K, reserved 23936K

